c:\users\noam bialik\desktop\wyssample1\wyshost\wyslibrary\amulet\vc140.pdb
c:\users\noam bialik\desktop\wyssample1\wyshost\wyslibrary\amulet\vc140.idb
c:\users\noam bialik\desktop\wyssample1\wyshost\wyslibrary\amulet\authhelper.obj
c:\users\noam bialik\desktop\wyssample1\wyshost\wyslibrary\amulet\delayloader.obj
c:\users\noam bialik\desktop\wyssample1\wyshost\wyslibrary\amulet\interface.obj
c:\users\noam bialik\desktop\wyssample1\wyshost\wyslibrary\amulet\pavphandler.obj
c:\users\noam bialik\desktop\wyssample1\wyshost\wyslibrary\amulet\signatureverifier.obj
c:\users\noam bialik\desktop\wyssample1\wyshost\wyslibrary\amulet\wys.obj
c:\users\noam bialik\desktop\wyssample1\wyshost\wyslibrary\amulet\wysutil.obj
c:\users\noam bialik\desktop\wyssample1\wyshost\amulet\wyslibrary.ilk
c:\users\noam bialik\desktop\wyssample1\wyshost\amulet\wyslibrary.dll
c:\users\noam bialik\desktop\wyssample1\wyshost\amulet\wyslibrary.pdb
c:\users\noam bialik\desktop\wyssample1\wyshost\amulet\wyslibrary.lib
c:\users\noam bialik\desktop\wyssample1\wyshost\amulet\wyslibrary.exp
c:\users\noam bialik\desktop\wyssample1\wyshost\wyslibrary\amulet\wyslibrary.tlog\cl.command.1.tlog
c:\users\noam bialik\desktop\wyssample1\wyshost\wyslibrary\amulet\wyslibrary.tlog\cl.read.1.tlog
c:\users\noam bialik\desktop\wyssample1\wyshost\wyslibrary\amulet\wyslibrary.tlog\cl.write.1.tlog
c:\users\noam bialik\desktop\wyssample1\wyshost\wyslibrary\amulet\wyslibrary.tlog\link.command.1.tlog
c:\users\noam bialik\desktop\wyssample1\wyshost\wyslibrary\amulet\wyslibrary.tlog\link.read.1.tlog
c:\users\noam bialik\desktop\wyssample1\wyshost\wyslibrary\amulet\wyslibrary.tlog\link.write.1.tlog
c:\users\noam bialik\desktop\wyssample1\wyshost\wyslibrary\amulet\wyslibrary.tlog\wyslibrary.write.1u.tlog
